{"/home/thiago/estudo/node/projects/bnotes-api/src/domain/helpers/errors/saveNotesUseCaseError/ProviedParamsError.ts": {"path":"/home/thiago/estudo/node/projects/bnotes-api/src/domain/helpers/errors/saveNotesUseCaseError/ProviedParamsError.ts","all":false,"statementMap":{"0":{"start":{"line":1,"column":0},"end":{"line":1,"column":48}},"1":{"start":{"line":2,"column":0},"end":{"line":2,"column":55}},"2":{"start":{"line":3,"column":0},"end":{"line":3,"column":72}},"3":{"start":{"line":4,"column":0},"end":{"line":4,"column":5}},"4":{"start":{"line":5,"column":0},"end":{"line":5,"column":3}}},"s":{"0":1,"1":1,"2":3,"3":3,"4":1},"branchMap":{"0":{"type":"branch","line":2,"loc":{"start":{"line":2,"column":4},"end":{"line":4,"column":5}},"locations":[{"start":{"line":2,"column":4},"end":{"line":4,"column":5}}]}},"b":{"0":[3]},"fnMap":{"0":{"name":"ProvidedParamsError","decl":{"start":{"line":2,"column":4},"end":{"line":4,"column":5}},"loc":{"start":{"line":2,"column":4},"end":{"line":4,"column":5}},"line":2}},"f":{"0":3}}
,"/home/thiago/estudo/node/projects/bnotes-api/src/domain/helpers/errors/saveNotesUseCaseError/ThrowSaveNotesError.ts": {"path":"/home/thiago/estudo/node/projects/bnotes-api/src/domain/helpers/errors/saveNotesUseCaseError/ThrowSaveNotesError.ts","all":false,"statementMap":{"0":{"start":{"line":1,"column":0},"end":{"line":1,"column":81}},"1":{"start":{"line":2,"column":0},"end":{"line":2,"column":45}},"2":{"start":{"line":3,"column":0},"end":{"line":3,"column":59}},"3":{"start":{"line":4,"column":0},"end":{"line":4,"column":0}},"4":{"start":{"line":5,"column":0},"end":{"line":5,"column":73}},"5":{"start":{"line":6,"column":0},"end":{"line":6,"column":24}},"6":{"start":{"line":7,"column":0},"end":{"line":7,"column":12}},"7":{"start":{"line":8,"column":0},"end":{"line":8,"column":16}},"8":{"start":{"line":9,"column":0},"end":{"line":9,"column":49}},"9":{"start":{"line":10,"column":0},"end":{"line":10,"column":6}},"10":{"start":{"line":11,"column":0},"end":{"line":11,"column":30}},"11":{"start":{"line":12,"column":0},"end":{"line":12,"column":12}},"12":{"start":{"line":13,"column":0},"end":{"line":13,"column":16}},"13":{"start":{"line":14,"column":0},"end":{"line":14,"column":48}},"14":{"start":{"line":15,"column":0},"end":{"line":15,"column":6}},"15":{"start":{"line":16,"column":0},"end":{"line":16,"column":32}},"16":{"start":{"line":17,"column":0},"end":{"line":17,"column":12}},"17":{"start":{"line":18,"column":0},"end":{"line":18,"column":16}},"18":{"start":{"line":19,"column":0},"end":{"line":19,"column":50}},"19":{"start":{"line":20,"column":0},"end":{"line":20,"column":6}},"20":{"start":{"line":21,"column":0},"end":{"line":21,"column":3}},"21":{"start":{"line":22,"column":0},"end":{"line":22,"column":0}},"22":{"start":{"line":23,"column":0},"end":{"line":23,"column":14}},"23":{"start":{"line":24,"column":0},"end":{"line":24,"column":2}}},"s":{"0":1,"1":1,"2":1,"3":1,"4":1,"5":5,"6":1,"7":1,"8":1,"9":1,"10":5,"11":1,"12":1,"13":1,"14":1,"15":4,"16":1,"17":1,"18":1,"19":1,"20":1,"21":2,"22":2,"23":2},"branchMap":{"0":{"type":"branch","line":5,"loc":{"start":{"line":5,"column":35},"end":{"line":24,"column":2}},"locations":[{"start":{"line":5,"column":35},"end":{"line":24,"column":2}}]},"1":{"type":"branch","line":6,"loc":{"start":{"line":6,"column":23},"end":{"line":11,"column":9}},"locations":[{"start":{"line":6,"column":23},"end":{"line":11,"column":9}}]},"2":{"type":"branch","line":11,"loc":{"start":{"line":11,"column":3},"end":{"line":21,"column":3}},"locations":[{"start":{"line":11,"column":3},"end":{"line":21,"column":3}}]},"3":{"type":"branch","line":11,"loc":{"start":{"line":11,"column":29},"end":{"line":16,"column":9}},"locations":[{"start":{"line":11,"column":29},"end":{"line":16,"column":9}}]},"4":{"type":"branch","line":16,"loc":{"start":{"line":16,"column":3},"end":{"line":21,"column":3}},"locations":[{"start":{"line":16,"column":3},"end":{"line":21,"column":3}}]},"5":{"type":"branch","line":16,"loc":{"start":{"line":16,"column":31},"end":{"line":21,"column":3}},"locations":[{"start":{"line":16,"column":31},"end":{"line":21,"column":3}}]},"6":{"type":"branch","line":22,"loc":{"start":{"line":22,"column":-1},"end":{"line":24,"column":2}},"locations":[{"start":{"line":22,"column":-1},"end":{"line":24,"column":2}}]}},"b":{"0":[5],"1":[1],"2":[4],"3":[1],"4":[3],"5":[1],"6":[2]},"fnMap":{"0":{"name":"ThrowSaveNotesError","decl":{"start":{"line":5,"column":35},"end":{"line":24,"column":2}},"loc":{"start":{"line":5,"column":35},"end":{"line":24,"column":2}},"line":5}},"f":{"0":5}}
,"/home/thiago/estudo/node/projects/bnotes-api/src/domain/usecases/saveNotesUseCase/SaveNotesUseCase.ts": {"path":"/home/thiago/estudo/node/projects/bnotes-api/src/domain/usecases/saveNotesUseCase/SaveNotesUseCase.ts","all":false,"statementMap":{"0":{"start":{"line":1,"column":0},"end":{"line":1,"column":86}},"1":{"start":{"line":2,"column":0},"end":{"line":2,"column":101}},"2":{"start":{"line":3,"column":0},"end":{"line":3,"column":41}},"3":{"start":{"line":4,"column":0},"end":{"line":4,"column":48}},"4":{"start":{"line":5,"column":0},"end":{"line":5,"column":76}},"5":{"start":{"line":6,"column":0},"end":{"line":6,"column":88}},"6":{"start":{"line":7,"column":0},"end":{"line":7,"column":0}},"7":{"start":{"line":8,"column":0},"end":{"line":8,"column":60}},"8":{"start":{"line":9,"column":0},"end":{"line":9,"column":66}},"9":{"start":{"line":10,"column":0},"end":{"line":10,"column":0}},"10":{"start":{"line":11,"column":0},"end":{"line":11,"column":86}},"11":{"start":{"line":12,"column":0},"end":{"line":12,"column":63}},"12":{"start":{"line":13,"column":0},"end":{"line":13,"column":0}},"13":{"start":{"line":14,"column":0},"end":{"line":14,"column":32}},"14":{"start":{"line":15,"column":0},"end":{"line":15,"column":14}},"15":{"start":{"line":16,"column":0},"end":{"line":16,"column":37}},"16":{"start":{"line":17,"column":0},"end":{"line":17,"column":19}},"17":{"start":{"line":18,"column":0},"end":{"line":18,"column":8}},"18":{"start":{"line":19,"column":0},"end":{"line":19,"column":5}},"19":{"start":{"line":20,"column":0},"end":{"line":20,"column":64}},"20":{"start":{"line":21,"column":0},"end":{"line":21,"column":0}},"21":{"start":{"line":22,"column":0},"end":{"line":22,"column":12}},"22":{"start":{"line":23,"column":0},"end":{"line":23,"column":17}},"23":{"start":{"line":24,"column":0},"end":{"line":24,"column":17}},"24":{"start":{"line":25,"column":0},"end":{"line":25,"column":6}},"25":{"start":{"line":26,"column":0},"end":{"line":26,"column":3}},"26":{"start":{"line":27,"column":0},"end":{"line":27,"column":1}}},"s":{"0":1,"1":1,"2":1,"3":1,"4":1,"5":1,"6":1,"7":1,"8":1,"9":1,"10":1,"11":5,"12":5,"13":5,"14":3,"15":3,"16":3,"17":3,"18":3,"19":2,"20":2,"21":2,"22":2,"23":2,"24":2,"25":2,"26":1},"branchMap":{"0":{"type":"branch","line":9,"loc":{"start":{"line":9,"column":2},"end":{"line":9,"column":66}},"locations":[{"start":{"line":9,"column":2},"end":{"line":9,"column":66}}]},"1":{"type":"branch","line":11,"loc":{"start":{"line":11,"column":8},"end":{"line":26,"column":3}},"locations":[{"start":{"line":11,"column":8},"end":{"line":26,"column":3}}]},"2":{"type":"branch","line":14,"loc":{"start":{"line":14,"column":31},"end":{"line":19,"column":5}},"locations":[{"start":{"line":14,"column":31},"end":{"line":19,"column":5}}]},"3":{"type":"branch","line":20,"loc":{"start":{"line":20,"column":-1},"end":{"line":26,"column":3}},"locations":[{"start":{"line":20,"column":-1},"end":{"line":26,"column":3}}]}},"b":{"0":[5],"1":[5],"2":[3],"3":[2]},"fnMap":{"0":{"name":"SaveNotesUseCase","decl":{"start":{"line":9,"column":2},"end":{"line":9,"column":66}},"loc":{"start":{"line":9,"column":2},"end":{"line":9,"column":66}},"line":9},"1":{"name":"save","decl":{"start":{"line":11,"column":8},"end":{"line":26,"column":3}},"loc":{"start":{"line":11,"column":8},"end":{"line":26,"column":3}},"line":11}},"f":{"0":5,"1":5}}
,"/home/thiago/estudo/node/projects/bnotes-api/src/domain/usecases/saveNotesUseCase/mocks/repository/SaveNotesRepositorySpy.ts": {"path":"/home/thiago/estudo/node/projects/bnotes-api/src/domain/usecases/saveNotesUseCase/mocks/repository/SaveNotesRepositorySpy.ts","all":false,"statementMap":{"0":{"start":{"line":1,"column":0},"end":{"line":1,"column":92}},"1":{"start":{"line":2,"column":0},"end":{"line":2,"column":47}},"2":{"start":{"line":3,"column":0},"end":{"line":3,"column":52}},"3":{"start":{"line":4,"column":0},"end":{"line":4,"column":71}},"4":{"start":{"line":5,"column":0},"end":{"line":5,"column":0}},"5":{"start":{"line":6,"column":0},"end":{"line":6,"column":82}},"6":{"start":{"line":7,"column":0},"end":{"line":7,"column":34}},"7":{"start":{"line":8,"column":0},"end":{"line":8,"column":12}},"8":{"start":{"line":9,"column":0},"end":{"line":9,"column":18}},"9":{"start":{"line":10,"column":0},"end":{"line":10,"column":59}},"10":{"start":{"line":11,"column":0},"end":{"line":11,"column":5}},"11":{"start":{"line":12,"column":0},"end":{"line":12,"column":40}},"12":{"start":{"line":13,"column":0},"end":{"line":13,"column":12}},"13":{"start":{"line":14,"column":0},"end":{"line":14,"column":18}},"14":{"start":{"line":15,"column":0},"end":{"line":15,"column":58}},"15":{"start":{"line":16,"column":0},"end":{"line":16,"column":5}},"16":{"start":{"line":17,"column":0},"end":{"line":17,"column":42}},"17":{"start":{"line":18,"column":0},"end":{"line":18,"column":12}},"18":{"start":{"line":19,"column":0},"end":{"line":19,"column":18}},"19":{"start":{"line":20,"column":0},"end":{"line":20,"column":60}},"20":{"start":{"line":21,"column":0},"end":{"line":21,"column":5}},"21":{"start":{"line":22,"column":0},"end":{"line":22,"column":3}},"22":{"start":{"line":23,"column":0},"end":{"line":23,"column":0}},"23":{"start":{"line":24,"column":0},"end":{"line":24,"column":13}},"24":{"start":{"line":25,"column":0},"end":{"line":25,"column":1}},"25":{"start":{"line":26,"column":0},"end":{"line":26,"column":0}},"26":{"start":{"line":27,"column":0},"end":{"line":27,"column":68}},"27":{"start":{"line":28,"column":0},"end":{"line":28,"column":35}},"28":{"start":{"line":29,"column":0},"end":{"line":29,"column":0}},"29":{"start":{"line":30,"column":0},"end":{"line":30,"column":93}},"30":{"start":{"line":31,"column":0},"end":{"line":31,"column":70}},"31":{"start":{"line":32,"column":0},"end":{"line":32,"column":0}},"32":{"start":{"line":33,"column":0},"end":{"line":33,"column":23}},"33":{"start":{"line":34,"column":0},"end":{"line":34,"column":14}},"34":{"start":{"line":35,"column":0},"end":{"line":35,"column":16}},"35":{"start":{"line":36,"column":0},"end":{"line":36,"column":34}},"36":{"start":{"line":37,"column":0},"end":{"line":37,"column":39}},"37":{"start":{"line":38,"column":0},"end":{"line":38,"column":10}},"38":{"start":{"line":39,"column":0},"end":{"line":39,"column":18}},"39":{"start":{"line":40,"column":0},"end":{"line":40,"column":7}},"40":{"start":{"line":41,"column":0},"end":{"line":41,"column":5}},"41":{"start":{"line":42,"column":0},"end":{"line":42,"column":0}},"42":{"start":{"line":43,"column":0},"end":{"line":43,"column":17}},"43":{"start":{"line":44,"column":0},"end":{"line":44,"column":38}},"44":{"start":{"line":45,"column":0},"end":{"line":45,"column":36}},"45":{"start":{"line":46,"column":0},"end":{"line":46,"column":40}},"46":{"start":{"line":47,"column":0},"end":{"line":47,"column":27}},"47":{"start":{"line":48,"column":0},"end":{"line":48,"column":6}},"48":{"start":{"line":49,"column":0},"end":{"line":49,"column":35}},"49":{"start":{"line":50,"column":0},"end":{"line":50,"column":0}},"50":{"start":{"line":51,"column":0},"end":{"line":51,"column":40}},"51":{"start":{"line":52,"column":0},"end":{"line":52,"column":3}},"52":{"start":{"line":53,"column":0},"end":{"line":53,"column":0}},"53":{"start":{"line":54,"column":0},"end":{"line":54,"column":13}},"54":{"start":{"line":55,"column":0},"end":{"line":55,"column":21}},"55":{"start":{"line":56,"column":0},"end":{"line":56,"column":3}},"56":{"start":{"line":57,"column":0},"end":{"line":57,"column":1}}},"s":{"0":1,"1":1,"2":1,"3":1,"4":1,"5":1,"6":5,"7":1,"8":1,"9":1,"10":1,"11":5,"12":1,"13":1,"14":1,"15":1,"16":3,"17":1,"18":1,"19":1,"20":1,"21":1,"22":2,"23":2,"24":2,"25":1,"26":8,"27":8,"28":8,"29":8,"30":5,"31":5,"32":5,"33":3,"34":3,"35":3,"36":3,"37":3,"38":3,"39":3,"40":3,"41":2,"42":2,"43":2,"44":2,"45":2,"46":2,"47":2,"48":2,"49":2,"50":2,"51":2,"52":8,"53":8,"54":2,"55":2,"56":8},"branchMap":{"0":{"type":"branch","line":6,"loc":{"start":{"line":6,"column":36},"end":{"line":25,"column":1}},"locations":[{"start":{"line":6,"column":36},"end":{"line":25,"column":1}}]},"1":{"type":"branch","line":7,"loc":{"start":{"line":7,"column":23},"end":{"line":7,"column":25}},"locations":[{"start":{"line":7,"column":23},"end":{"line":7,"column":25}}]},"2":{"type":"branch","line":7,"loc":{"start":{"line":7,"column":33},"end":{"line":12,"column":9}},"locations":[{"start":{"line":7,"column":33},"end":{"line":12,"column":9}}]},"3":{"type":"branch","line":12,"loc":{"start":{"line":12,"column":3},"end":{"line":22,"column":3}},"locations":[{"start":{"line":12,"column":3},"end":{"line":22,"column":3}}]},"4":{"type":"branch","line":12,"loc":{"start":{"line":12,"column":30},"end":{"line":12,"column":32}},"locations":[{"start":{"line":12,"column":30},"end":{"line":12,"column":32}}]},"5":{"type":"branch","line":12,"loc":{"start":{"line":12,"column":39},"end":{"line":22,"column":3}},"locations":[{"start":{"line":12,"column":39},"end":{"line":22,"column":3}}]},"6":{"type":"branch","line":12,"loc":{"start":{"line":12,"column":39},"end":{"line":17,"column":9}},"locations":[{"start":{"line":12,"column":39},"end":{"line":17,"column":9}}]},"7":{"type":"branch","line":17,"loc":{"start":{"line":17,"column":30},"end":{"line":17,"column":32}},"locations":[{"start":{"line":17,"column":30},"end":{"line":17,"column":32}}]},"8":{"type":"branch","line":17,"loc":{"start":{"line":17,"column":41},"end":{"line":22,"column":3}},"locations":[{"start":{"line":17,"column":41},"end":{"line":22,"column":3}}]},"9":{"type":"branch","line":23,"loc":{"start":{"line":23,"column":-1},"end":{"line":25,"column":1}},"locations":[{"start":{"line":23,"column":-1},"end":{"line":25,"column":1}}]},"10":{"type":"branch","line":27,"loc":{"start":{"line":27,"column":0},"end":{"line":57,"column":1}},"locations":[{"start":{"line":27,"column":0},"end":{"line":57,"column":1}}]},"11":{"type":"branch","line":30,"loc":{"start":{"line":30,"column":8},"end":{"line":52,"column":3}},"locations":[{"start":{"line":30,"column":8},"end":{"line":52,"column":3}}]},"12":{"type":"branch","line":33,"loc":{"start":{"line":33,"column":22},"end":{"line":41,"column":5}},"locations":[{"start":{"line":33,"column":22},"end":{"line":41,"column":5}}]},"13":{"type":"branch","line":42,"loc":{"start":{"line":42,"column":-1},"end":{"line":52,"column":3}},"locations":[{"start":{"line":42,"column":-1},"end":{"line":52,"column":3}}]},"14":{"type":"branch","line":54,"loc":{"start":{"line":54,"column":2},"end":{"line":56,"column":3}},"locations":[{"start":{"line":54,"column":2},"end":{"line":56,"column":3}}]}},"b":{"0":[5],"1":[0],"2":[1],"3":[4],"4":[0],"5":[3],"6":[1],"7":[0],"8":[1],"9":[2],"10":[8],"11":[5],"12":[3],"13":[2],"14":[2]},"fnMap":{"0":{"name":"ThrowSaveNotesRepositorySpy","decl":{"start":{"line":6,"column":36},"end":{"line":25,"column":1}},"loc":{"start":{"line":6,"column":36},"end":{"line":25,"column":1}},"line":6},"1":{"name":"SaveNotesRepositorySpy","decl":{"start":{"line":27,"column":0},"end":{"line":57,"column":1}},"loc":{"start":{"line":27,"column":0},"end":{"line":57,"column":1}},"line":27},"2":{"name":"save","decl":{"start":{"line":30,"column":8},"end":{"line":52,"column":3}},"loc":{"start":{"line":30,"column":8},"end":{"line":52,"column":3}},"line":30},"3":{"name":"getNote","decl":{"start":{"line":54,"column":2},"end":{"line":56,"column":3}},"loc":{"start":{"line":54,"column":2},"end":{"line":56,"column":3}},"line":54}},"f":{"0":5,"1":8,"2":5,"3":2}}
}
