TN:
SF:src/domain/helpers/errors/saveNotesUseCaseError/ProviedParamsError.ts
FN:2,ProvidedParamsError
FNF:1
FNH:1
FNDA:28,ProvidedParamsError
DA:1,1
DA:2,1
DA:3,28
DA:4,28
DA:5,1
LF:5
LH:5
BRDA:2,0,0,28
BRF:1
BRH:1
end_of_record
TN:
SF:src/domain/helpers/errors/saveNotesUseCaseError/ThrowSaveNotesError.ts
FN:5,ThrowSaveNotesError
FNF:1
FNH:1
FNDA:11,ThrowSaveNotesError
DA:1,1
DA:2,1
DA:3,1
DA:4,1
DA:5,1
DA:6,11
DA:7,2
DA:8,2
DA:9,2
DA:10,2
DA:11,11
DA:12,2
DA:13,2
DA:14,2
DA:15,2
DA:16,8
DA:17,2
DA:18,2
DA:19,2
DA:20,2
DA:21,2
DA:22,5
DA:23,5
DA:24,5
LF:24
LH:24
BRDA:5,0,0,11
BRDA:6,1,0,2
BRDA:11,2,0,9
BRDA:11,3,0,8
BRDA:11,4,0,2
BRDA:16,5,0,7
BRDA:16,6,0,2
BRDA:22,7,0,5
BRF:8
BRH:8
end_of_record
TN:
SF:src/domain/repositories/changeStatusNotesToTrashRepository/ChangeStatusNotesToTrashRepository.ts
FN:11,ChangeStatusNotesToTrashRepository
FN:13,changeStatusToTrash
FNF:2
FNH:2
FNDA:6,ChangeStatusNotesToTrashRepository
FNDA:5,changeStatusToTrash
DA:1,1
DA:2,1
DA:3,1
DA:4,1
DA:5,1
DA:6,1
DA:7,1
DA:8,1
DA:9,1
DA:10,1
DA:11,1
DA:12,1
DA:13,1
DA:14,5
DA:15,5
DA:16,5
DA:17,1
DA:18,1
DA:19,1
DA:20,1
DA:21,1
DA:22,1
DA:23,1
DA:24,1
DA:25,4
DA:26,4
DA:27,4
DA:28,5
DA:29,2
DA:30,2
DA:31,2
DA:32,2
DA:33,2
DA:34,2
DA:35,2
DA:36,2
DA:37,2
DA:38,2
DA:39,2
DA:40,2
DA:41,2
DA:42,2
DA:43,1
LF:43
LH:43
BRDA:11,0,0,6
BRDA:13,1,0,5
BRDA:16,2,0,1
BRDA:25,3,0,4
BRDA:28,4,0,2
BRF:5
BRH:5
end_of_record
TN:
SF:src/domain/repositories/getAllNotesRepository/GetAllNotesRepository.ts
FN:8,GetAllNotesRepository
FN:10,getAllNotes
FNF:2
FNH:2
FNDA:6,GetAllNotesRepository
FNDA:5,getAllNotes
DA:1,1
DA:2,1
DA:3,1
DA:4,1
DA:5,1
DA:6,1
DA:7,1
DA:8,1
DA:9,1
DA:10,1
DA:11,5
DA:12,5
DA:13,5
DA:14,5
DA:15,1
DA:16,1
DA:17,1
DA:18,1
DA:19,1
DA:20,1
DA:21,1
DA:22,1
DA:23,4
DA:24,4
DA:25,4
DA:26,5
DA:27,2
DA:28,2
DA:29,2
DA:30,2
DA:31,2
DA:32,2
DA:33,2
DA:34,2
DA:35,2
DA:36,2
DA:37,2
DA:38,2
DA:39,2
DA:40,2
DA:41,1
LF:41
LH:41
BRDA:8,0,0,6
BRDA:10,1,0,5
BRDA:14,2,0,1
BRDA:23,3,0,4
BRDA:26,4,0,2
BRF:5
BRH:5
end_of_record
TN:
SF:src/domain/repositories/getAllNotesRepository/factories/makeSut.ts
FN:4,makeSut
FNF:1
FNH:1
FNDA:3,makeSut
DA:1,1
DA:2,1
DA:3,1
DA:4,1
DA:5,3
DA:6,3
DA:7,3
DA:8,3
DA:9,3
LF:9
LH:9
BRDA:4,0,0,3
BRF:1
BRH:1
end_of_record
TN:
SF:src/domain/repositories/mocks/repository/DatabaseSpy.ts
FN:5,DatabaseSpy
FN:9,create
FN:26,changeStatusToTrash
FN:37,getAllNotes
FN:44,update
FN:55,setNotes
FN:58,findById
FNF:7
FNH:7
FNDA:41,DatabaseSpy
FNDA:18,create
FNDA:6,changeStatusToTrash
FNDA:6,getAllNotes
FNDA:4,update
FNDA:1,setNotes
FNDA:7,findById
DA:1,1
DA:2,1
DA:3,1
DA:4,1
DA:5,41
DA:6,41
DA:7,41
DA:8,41
DA:9,41
DA:10,18
DA:11,18
DA:12,18
DA:13,18
DA:14,18
DA:15,18
DA:16,18
DA:17,18
DA:18,18
DA:19,18
DA:20,18
DA:21,18
DA:22,18
DA:23,18
DA:24,18
DA:25,18
DA:26,41
DA:27,6
DA:28,6
DA:29,6
DA:30,3
DA:31,3
DA:32,3
DA:33,3
DA:34,3
DA:35,3
DA:36,3
DA:37,41
DA:38,6
DA:39,6
DA:40,6
DA:41,3
DA:42,3
DA:43,3
DA:44,41
DA:45,4
DA:46,4
DA:47,4
DA:48,3
DA:49,3
DA:50,3
DA:51,3
DA:52,3
DA:53,41
DA:54,41
DA:55,41
DA:56,1
DA:57,1
DA:58,41
DA:59,7
DA:60,7
DA:61,7
DA:62,7
DA:63,41
LF:63
LH:63
BRDA:5,0,0,41
BRDA:9,1,0,18
BRDA:26,2,0,6
BRDA:29,3,0,3
BRDA:27,4,0,3
BRDA:37,5,0,6
BRDA:40,6,0,3
BRDA:40,7,0,3
BRDA:38,8,0,6
BRDA:44,9,0,4
BRDA:47,10,0,3
BRDA:47,11,0,1
BRDA:45,12,0,3
BRDA:55,13,0,1
BRDA:58,14,0,7
BRDA:59,15,0,3
BRF:16
BRH:16
end_of_record
TN:
SF:src/domain/repositories/saveNotesRepository/SaveNotesRepository.ts
FN:9,SaveNotesRepository
FN:11,saveNote
FN:57,getNoteById
FNF:3
FNH:3
FNDA:14,SaveNotesRepository
FNDA:8,saveNote
FNDA:7,getNoteById
DA:1,1
DA:2,1
DA:3,1
DA:4,1
DA:5,1
DA:6,1
DA:7,1
DA:8,1
DA:9,1
DA:10,1
DA:11,1
DA:12,8
DA:13,8
DA:14,8
DA:15,1
DA:16,1
DA:17,1
DA:18,1
DA:19,1
DA:20,1
DA:21,1
DA:22,8
DA:23,1
DA:24,1
DA:25,1
DA:26,1
DA:27,1
DA:28,1
DA:29,1
DA:30,7
DA:31,1
DA:32,1
DA:33,1
DA:34,1
DA:35,1
DA:36,1
DA:37,1
DA:38,1
DA:39,5
DA:40,5
DA:41,5
DA:42,5
DA:43,5
DA:44,5
DA:45,5
DA:46,5
DA:47,5
DA:48,5
DA:49,5
DA:50,5
DA:51,5
DA:52,5
DA:53,5
DA:54,5
DA:55,5
DA:56,5
DA:57,1
DA:58,7
DA:59,7
DA:60,7
DA:61,7
DA:62,1
LF:62
LH:62
BRDA:9,0,0,14
BRDA:11,1,0,8
BRDA:14,2,0,1
BRDA:22,3,0,7
BRDA:22,4,0,1
BRDA:30,5,0,6
BRDA:30,6,0,1
BRDA:39,7,0,5
BRDA:57,8,0,7
BRF:9
BRH:9
end_of_record
TN:
SF:src/domain/repositories/updateNotesRepository/UpdateNotesRepository.ts
FN:9,UpdateNotesRepository
FN:11,updateNote
FNF:2
FNH:2
FNDA:14,UpdateNotesRepository
FNDA:5,updateNote
DA:1,1
DA:2,1
DA:3,1
DA:4,1
DA:5,1
DA:6,1
DA:7,1
DA:8,1
DA:9,1
DA:10,1
DA:11,1
DA:12,5
DA:13,5
DA:14,5
DA:15,5
DA:16,1
DA:17,1
DA:18,1
DA:19,1
DA:20,1
DA:21,1
DA:22,1
DA:23,5
DA:24,1
DA:25,1
DA:26,1
DA:27,1
DA:28,1
DA:29,1
DA:30,1
DA:31,4
DA:32,1
DA:33,1
DA:34,1
DA:35,1
DA:36,1
DA:37,1
DA:38,1
DA:39,1
DA:40,2
DA:41,2
DA:42,2
DA:43,2
DA:44,2
DA:45,2
DA:46,2
DA:47,2
DA:48,1
LF:48
LH:48
BRDA:9,0,0,14
BRDA:11,1,0,5
BRDA:15,2,0,1
BRDA:23,3,0,4
BRDA:23,4,0,1
BRDA:31,5,0,3
BRDA:31,6,0,1
BRDA:40,7,0,2
BRF:8
BRH:8
end_of_record
TN:
SF:src/domain/repositories/updateNotesRepository/factories/sutFactory.ts
FN:4,makeSut
FNF:1
FNH:1
FNDA:4,makeSut
DA:1,1
DA:2,1
DA:3,1
DA:4,1
DA:5,4
DA:6,4
DA:7,4
DA:8,4
DA:9,4
LF:9
LH:9
BRDA:4,0,0,4
BRF:1
BRH:1
end_of_record
TN:
SF:src/domain/usecases/changeStatusNotesToTrashUseCase/changeStatusNotesToTrashUseCase.ts
FN:8,changeStatusNotesToTrashUseCase
FN:10,changeStatusNotesToTrashUseCase
FNF:2
FNH:2
FNDA:3,changeStatusNotesToTrashUseCase
FNDA:4,changeStatusNotesToTrashUseCase
DA:1,1
DA:2,1
DA:3,1
DA:4,1
DA:5,1
DA:6,1
DA:7,1
DA:8,1
DA:9,1
DA:10,1
DA:11,4
DA:12,4
DA:13,4
DA:14,2
DA:15,2
DA:16,2
DA:17,2
DA:18,2
DA:19,2
DA:20,2
DA:21,2
DA:22,2
DA:23,2
DA:24,2
DA:25,4
DA:26,1
DA:27,1
DA:28,1
DA:29,1
DA:30,1
DA:31,1
DA:32,1
DA:33,1
DA:34,1
DA:35,1
DA:36,1
DA:37,1
LF:37
LH:37
BRDA:8,0,0,3
BRDA:10,1,0,4
BRDA:13,2,0,2
BRDA:25,3,0,1
BRF:4
BRH:4
end_of_record
TN:
SF:src/domain/usecases/changeStatusNotesToTrashUseCase/factories/makeSut.ts
FN:5,makeSut
FNF:1
FNH:1
FNDA:3,makeSut
DA:1,1
DA:2,1
DA:3,1
DA:4,1
DA:5,1
DA:6,3
DA:7,3
DA:8,3
DA:9,3
DA:10,3
DA:11,3
DA:12,3
DA:13,3
DA:14,3
LF:14
LH:14
BRDA:5,0,0,3
BRF:1
BRH:1
end_of_record
TN:
SF:src/domain/usecases/getAllNotesUseCase/GetAllNotesUseCase.ts
FN:8,GetAllNotesUseCase
FN:10,getAllNotes
FNF:2
FNH:2
FNDA:3,GetAllNotesUseCase
FNDA:3,getAllNotes
DA:1,1
DA:2,1
DA:3,1
DA:4,1
DA:5,1
DA:6,1
DA:7,1
DA:8,1
DA:9,1
DA:10,1
DA:11,3
DA:12,3
DA:13,3
DA:14,1
DA:15,1
DA:16,1
DA:17,1
DA:18,1
DA:19,1
DA:20,1
DA:21,1
DA:22,2
DA:23,2
DA:24,2
DA:25,3
DA:26,1
DA:27,1
DA:28,1
DA:29,1
DA:30,1
DA:31,1
DA:32,1
DA:33,1
DA:34,1
DA:35,1
DA:36,1
DA:37,1
LF:37
LH:37
BRDA:8,0,0,3
BRDA:10,1,0,3
BRDA:13,2,0,1
BRDA:22,3,0,2
BRDA:25,4,0,1
BRF:5
BRH:5
end_of_record
TN:
SF:src/domain/usecases/getAllNotesUseCase/factories/makeSut.ts
FN:5,makeSut
FNF:1
FNH:1
FNDA:3,makeSut
DA:1,1
DA:2,1
DA:3,1
DA:4,1
DA:5,1
DA:6,3
DA:7,3
DA:8,3
DA:9,3
DA:10,3
DA:11,3
LF:11
LH:11
BRDA:5,0,0,3
BRF:1
BRH:1
end_of_record
TN:
SF:src/domain/usecases/saveNotesUseCase/SaveNotesUseCase.ts
FN:10,SaveNotesUseCase
FN:12,save
FNF:2
FNH:2
FNDA:10,SaveNotesUseCase
FNDA:8,save
DA:1,1
DA:2,1
DA:3,1
DA:4,1
DA:5,1
DA:6,1
DA:7,1
DA:8,1
DA:9,1
DA:10,1
DA:11,1
DA:12,1
DA:13,8
DA:14,8
DA:15,8
DA:16,8
DA:17,8
DA:18,8
DA:19,3
DA:20,3
DA:21,3
DA:22,3
DA:23,3
DA:24,5
DA:25,8
DA:26,1
DA:27,1
DA:28,1
DA:29,1
DA:30,1
DA:31,1
DA:32,1
DA:33,1
DA:34,1
DA:35,1
DA:36,1
DA:37,4
DA:38,4
DA:39,4
DA:40,4
DA:41,4
DA:42,4
DA:43,4
DA:44,4
DA:45,1
LF:45
LH:45
BRDA:10,0,0,10
BRDA:12,1,0,8
BRDA:18,2,0,3
BRDA:24,3,0,5
BRDA:25,4,0,1
BRDA:37,5,0,4
BRF:6
BRH:6
end_of_record
TN:
SF:src/domain/usecases/saveNotesUseCase/factories/makeSut.ts
FN:6,makeSut
FNF:1
FNH:1
FNDA:6,makeSut
DA:1,1
DA:2,1
DA:3,1
DA:4,1
DA:5,1
DA:6,1
DA:7,6
DA:8,6
DA:9,6
DA:10,6
DA:11,6
DA:12,6
DA:13,6
LF:13
LH:13
BRDA:6,0,0,6
BRF:1
BRH:1
end_of_record
TN:
SF:src/presentation/controllers/saveNotesController/SaveNotesController.ts
FN:7,SaveNotesController
FN:9,route
FNF:2
FNH:2
FNDA:4,SaveNotesController
FNDA:4,route
DA:1,1
DA:2,1
DA:3,1
DA:4,1
DA:5,1
DA:6,1
DA:7,1
DA:8,1
DA:9,1
DA:10,4
DA:11,4
DA:12,4
DA:13,1
DA:14,1
DA:15,1
DA:16,1
DA:17,1
DA:18,1
DA:19,1
DA:20,1
DA:21,1
DA:22,4
DA:23,1
DA:24,1
DA:25,1
DA:26,1
DA:27,1
DA:28,1
DA:29,1
DA:30,1
DA:31,1
DA:32,3
DA:33,1
DA:34,1
DA:35,1
DA:36,1
DA:37,1
DA:38,1
DA:39,1
DA:40,1
DA:41,1
DA:42,1
DA:43,1
DA:44,1
DA:45,1
DA:46,1
DA:47,1
DA:48,1
DA:49,1
DA:50,1
DA:51,1
DA:52,1
LF:52
LH:52
BRDA:7,0,0,4
BRDA:9,1,0,4
BRDA:12,2,0,1
BRDA:22,3,0,3
BRDA:22,4,0,1
BRDA:32,5,0,2
BRDA:32,6,0,1
BRDA:43,7,0,1
BRF:8
BRH:8
end_of_record
TN:
SF:src/presentation/controllers/saveNotesController/factories/sutFactory.ts
FN:7,makeSut
FNF:1
FNH:1
FNDA:4,makeSut
DA:1,1
DA:2,1
DA:3,1
DA:4,1
DA:5,1
DA:6,1
DA:7,1
DA:8,4
DA:9,4
DA:10,4
DA:11,4
DA:12,4
DA:13,4
DA:14,4
DA:15,4
DA:16,4
LF:16
LH:16
BRDA:7,0,0,4
BRF:1
BRH:1
end_of_record
