TN:
SF:src/domain/helpers/errors/saveNotesUseCaseError/ProviedParamsError.ts
FN:2,ProvidedParamsError
FNF:1
FNH:1
FNDA:10,ProvidedParamsError
DA:1,1
DA:2,1
DA:3,10
DA:4,10
DA:5,1
LF:5
LH:5
BRDA:2,0,0,10
BRF:1
BRH:1
end_of_record
TN:
SF:src/domain/helpers/errors/saveNotesUseCaseError/ThrowSaveNotesError.ts
FN:5,ThrowSaveNotesError
FNF:1
FNH:1
FNDA:7,ThrowSaveNotesError
DA:1,1
DA:2,1
DA:3,1
DA:4,1
DA:5,1
DA:6,7
DA:7,1
DA:8,1
DA:9,1
DA:10,1
DA:11,7
DA:12,1
DA:13,1
DA:14,1
DA:15,1
DA:16,6
DA:17,1
DA:18,1
DA:19,1
DA:20,1
DA:21,1
DA:22,4
DA:23,4
DA:24,4
LF:24
LH:24
BRDA:5,0,0,7
BRDA:6,1,0,1
BRDA:11,2,0,6
BRDA:11,3,0,1
BRDA:16,4,0,5
BRDA:16,5,0,1
BRDA:22,6,0,4
BRF:7
BRH:7
end_of_record
TN:
SF:src/domain/repositories/changeStatusNotesToTrashRepository/ChangeStatusNotesToTrashRepository.ts
FN:7,changeStatusToTrash
FNF:1
FNH:1
FNDA:2,changeStatusToTrash
DA:1,1
DA:2,1
DA:3,1
DA:4,1
DA:5,1
DA:6,1
DA:7,1
DA:8,2
DA:9,1
DA:10,1
DA:11,1
DA:12,1
DA:13,1
DA:14,1
DA:15,1
DA:16,1
DA:17,1
DA:18,1
DA:19,1
DA:20,1
DA:21,1
DA:22,1
DA:23,1
DA:24,1
DA:25,1
LF:25
LH:25
BRDA:7,0,0,2
BRDA:8,1,0,1
BRF:2
BRH:2
end_of_record
TN:
SF:src/domain/repositories/mocks/repository/DatabaseSpy.ts
FN:4,DatabaseSpy
FN:26,changeStatusToTrash
FN:37,getAllNotes
FN:45,setNotes
FNF:4
FNH:4
FNDA:4,DatabaseSpy
FNDA:1,changeStatusToTrash
FNDA:2,getAllNotes
FNDA:1,setNotes
DA:1,1
DA:2,1
DA:3,1
DA:4,4
DA:5,4
DA:6,4
DA:7,4
DA:8,4
DA:9,4
DA:10,4
DA:11,4
DA:12,4
DA:13,4
DA:14,4
DA:15,4
DA:16,4
DA:17,4
DA:18,4
DA:19,4
DA:20,4
DA:21,4
DA:22,4
DA:23,4
DA:24,4
DA:25,4
DA:26,4
DA:27,1
DA:28,1
DA:29,1
DA:30,0
DA:31,0
DA:32,1
DA:33,1
DA:34,1
DA:35,1
DA:36,1
DA:37,4
DA:38,2
DA:39,2
DA:40,2
DA:41,1
DA:42,1
DA:43,1
DA:44,4
DA:45,4
DA:46,1
DA:47,1
DA:48,4
LF:48
LH:46
BRDA:4,0,0,4
BRDA:26,1,0,1
BRDA:29,2,0,0
BRDA:27,3,0,1
BRDA:37,4,0,2
BRDA:40,5,0,1
BRDA:40,6,0,1
BRDA:38,7,0,6
BRDA:45,8,0,1
BRF:9
BRH:8
end_of_record
TN:
SF:src/domain/usecases/deleteNoteUseCase/deleteNoteUseCase.ts
FN:8,DeleteNoteUseCase
FN:10,delete
FNF:2
FNH:2
FNDA:2,DeleteNoteUseCase
FNDA:2,delete
DA:1,1
DA:2,1
DA:3,1
DA:4,1
DA:5,1
DA:6,1
DA:7,1
DA:8,1
DA:9,1
DA:10,1
DA:11,2
DA:12,2
DA:13,2
DA:14,1
DA:15,1
DA:16,1
DA:17,1
DA:18,1
DA:19,1
DA:20,1
DA:21,1
DA:22,1
DA:23,1
DA:24,1
DA:25,1
DA:26,1
DA:27,1
DA:28,1
DA:29,1
DA:30,1
LF:30
LH:30
BRDA:8,0,0,2
BRDA:10,1,0,2
BRDA:13,2,0,1
BRF:3
BRH:3
end_of_record
TN:
SF:src/domain/usecases/deleteNoteUseCase/factories/makeSut.ts
FN:4,makeSut
FNF:1
FNH:1
FNDA:2,makeSut
DA:1,1
DA:2,1
DA:3,1
DA:4,1
DA:5,2
DA:6,2
DA:7,2
DA:8,2
DA:9,2
LF:9
LH:9
BRDA:4,0,0,2
BRF:1
BRH:1
end_of_record
TN:
SF:src/domain/usecases/deleteNoteUseCase/mocks/repository/SaveNoteRepositorySpy.ts
FN:5,delete
FNF:1
FNH:1
FNDA:1,delete
DA:1,1
DA:2,1
DA:3,1
DA:4,1
DA:5,1
DA:6,1
DA:7,1
DA:8,1
DA:9,1
DA:10,1
DA:11,1
DA:12,1
DA:13,1
DA:14,1
DA:15,1
DA:16,1
LF:16
LH:16
BRDA:5,0,0,1
BRF:1
BRH:1
end_of_record
TN:
SF:src/domain/usecases/getAllNotesUseCase/GetAllNotesUseCase.ts
FN:8,GetAllNotesUseCase
FN:10,getAll
FNF:2
FNH:2
FNDA:3,GetAllNotesUseCase
FNDA:3,getAll
DA:1,1
DA:2,1
DA:3,1
DA:4,1
DA:5,1
DA:6,1
DA:7,1
DA:8,1
DA:9,1
DA:10,1
DA:11,3
DA:12,3
DA:13,3
DA:14,1
DA:15,1
DA:16,1
DA:17,1
DA:18,1
DA:19,1
DA:20,1
DA:21,1
DA:22,1
DA:23,2
DA:24,2
DA:25,2
DA:26,3
DA:27,1
DA:28,1
DA:29,1
DA:30,1
DA:31,1
DA:32,1
DA:33,1
DA:34,1
DA:35,1
DA:36,1
DA:37,1
DA:38,1
DA:39,1
DA:40,1
LF:40
LH:40
BRDA:8,0,0,3
BRDA:10,1,0,3
BRDA:13,2,0,1
BRDA:23,3,0,2
BRDA:26,4,0,1
BRF:5
BRH:5
end_of_record
TN:
SF:src/domain/usecases/getAllNotesUseCase/factories/makeSut.ts
FN:4,makeSut
FNF:1
FNH:1
FNDA:3,makeSut
DA:1,1
DA:2,1
DA:3,1
DA:4,1
DA:5,3
DA:6,3
DA:7,3
DA:8,3
DA:9,3
LF:9
LH:9
BRDA:4,0,0,3
BRF:1
BRH:1
end_of_record
TN:
SF:src/domain/usecases/getAllNotesUseCase/mocks/GetAllNotesRepositorySpy/GetAllNotesRepositorySpy.ts
FN:4,GetAllNotesRepositorySpy
FN:25,getAll
FNF:2
FNH:2
FNDA:3,GetAllNotesRepositorySpy
FNDA:2,getAll
DA:1,1
DA:2,1
DA:3,1
DA:4,3
DA:5,3
DA:6,3
DA:7,3
DA:8,3
DA:9,3
DA:10,3
DA:11,3
DA:12,3
DA:13,3
DA:14,3
DA:15,3
DA:16,3
DA:17,3
DA:18,3
DA:19,3
DA:20,3
DA:21,3
DA:22,3
DA:23,3
DA:24,3
DA:25,3
DA:26,2
DA:27,2
DA:28,2
DA:29,2
DA:30,2
DA:31,1
DA:32,1
DA:33,1
DA:34,1
DA:35,1
DA:36,1
DA:37,1
DA:38,3
LF:38
LH:38
BRDA:4,0,0,3
BRDA:25,1,0,2
BRDA:30,2,0,1
BRDA:27,3,0,3
BRDA:34,4,0,2
BRF:5
BRH:5
end_of_record
TN:
SF:src/domain/usecases/saveNotesUseCase/SaveNotesUseCase.ts
FN:10,SaveNotesUseCase
FN:12,save
FNF:2
FNH:2
FNDA:6,SaveNotesUseCase
FNDA:7,save
DA:1,1
DA:2,1
DA:3,1
DA:4,1
DA:5,1
DA:6,1
DA:7,1
DA:8,1
DA:9,1
DA:10,1
DA:11,1
DA:12,1
DA:13,7
DA:14,7
DA:15,7
DA:16,7
DA:17,7
DA:18,7
DA:19,3
DA:20,3
DA:21,3
DA:22,3
DA:23,3
DA:24,4
DA:25,7
DA:26,1
DA:27,1
DA:28,1
DA:29,1
DA:30,1
DA:31,1
DA:32,1
DA:33,1
DA:34,1
DA:35,1
DA:36,1
DA:37,3
DA:38,3
DA:39,3
DA:40,3
DA:41,3
DA:42,3
DA:43,3
DA:44,3
DA:45,1
LF:45
LH:45
BRDA:10,0,0,6
BRDA:12,1,0,7
BRDA:18,2,0,3
BRDA:24,3,0,4
BRDA:25,4,0,1
BRDA:37,5,0,3
BRF:6
BRH:6
end_of_record
TN:
SF:src/domain/usecases/saveNotesUseCase/factories/makeSut.ts
FN:5,makeSut
FNF:1
FNH:1
FNDA:6,makeSut
DA:1,1
DA:2,1
DA:3,1
DA:4,1
DA:5,1
DA:6,6
DA:7,6
DA:8,6
DA:9,6
DA:10,6
DA:11,6
LF:11
LH:11
BRDA:5,0,0,6
BRF:1
BRH:1
end_of_record
TN:
SF:src/domain/usecases/saveNotesUseCase/mocks/repository/saveNotesRepositorySpy/SaveNotesRepositorySpy.ts
FN:6,ThrowSaveNotesRepositorySpy
FN:27,SaveNotesRepositorySpy
FN:30,save
FN:57,getNote
FNF:4
FNH:4
FNDA:8,ThrowSaveNotesRepositorySpy
FNDA:11,SaveNotesRepositorySpy
FNDA:8,save
FNDA:13,getNote
DA:1,1
DA:2,1
DA:3,1
DA:4,1
DA:5,1
DA:6,1
DA:7,8
DA:8,1
DA:9,1
DA:10,1
DA:11,1
DA:12,8
DA:13,1
DA:14,1
DA:15,1
DA:16,1
DA:17,7
DA:18,1
DA:19,1
DA:20,1
DA:21,1
DA:22,1
DA:23,5
DA:24,5
DA:25,5
DA:26,1
DA:27,11
DA:28,11
DA:29,11
DA:30,11
DA:31,8
DA:32,8
DA:33,8
DA:34,3
DA:35,3
DA:36,3
DA:37,3
DA:38,3
DA:39,3
DA:40,3
DA:41,3
DA:42,5
DA:43,5
DA:44,5
DA:45,5
DA:46,5
DA:47,5
DA:48,5
DA:49,5
DA:50,5
DA:51,5
DA:52,5
DA:53,5
DA:54,5
DA:55,5
DA:56,11
DA:57,11
DA:58,13
DA:59,13
DA:60,11
LF:60
LH:60
BRDA:6,0,0,8
BRDA:7,1,0,0
BRDA:7,2,0,1
BRDA:12,3,0,7
BRDA:12,4,0,0
BRDA:12,5,0,1
BRDA:17,6,0,6
BRDA:17,7,0,0
BRDA:17,8,0,1
BRDA:23,9,0,5
BRDA:27,10,0,11
BRDA:30,11,0,8
BRDA:33,12,0,3
BRDA:42,13,0,5
BRDA:57,14,0,13
BRF:15
BRH:12
end_of_record
TN:
SF:src/domain/usecases/saveNotesUseCase/mocks/repository/updateNotesRepositorySpy/UpdateNotesRepositorySpy.ts
FN:5,UpdateNotesRepositorySpy
FN:8,update
FN:22,getNote
FNF:3
FNH:3
FNDA:6,UpdateNotesRepositorySpy
FNDA:1,update
FNDA:1,getNote
DA:1,1
DA:2,1
DA:3,1
DA:4,1
DA:5,6
DA:6,6
DA:7,6
DA:8,6
DA:9,1
DA:10,1
DA:11,1
DA:12,1
DA:13,1
DA:14,1
DA:15,1
DA:16,1
DA:17,1
DA:18,1
DA:19,1
DA:20,1
DA:21,1
DA:22,6
DA:23,1
DA:24,1
DA:25,6
LF:25
LH:25
BRDA:5,0,0,6
BRDA:8,1,0,1
BRDA:22,2,0,1
BRF:3
BRH:3
end_of_record
